<?xml version="1.0" encoding="UTF-8"?>
<!-- Generated by org.testng.reporters.JUnitReportReporter -->
<testsuite hostname="SUTHAN" failures="0" tests="2" name="com.runner.TestRunner" time="9.092" errors="0" timestamp="2023-04-04T16:54:24 IST" skipped="0">
  <testcase classname="com.runner.TestRunner" name="runScenario" time="6.747"/>
  <system-out/>
  <testcase classname="com.runner.TestRunner" name="runScenario" time="2.345"/>
  <system-out/>
</testsuite> <!-- com.runner.TestRunner -->
